
===========================================
Fri Sep 24 18:32:37 UTC 2021
===========================================
SITE_URL: https://pzwd.net
SITEMAP_URL: https://pzwd.net/sitemap.xml
Get sitemap https://pzwd.net/sitemap.xml

Submit ./urls-aa
  % Total    % Received % Xferd  Average Speed   Time    Time     Time  Current
                                 Dload  Upload   Total   Spent    Left  Speed
  0     0    0     0    0     0      0      0 --:--:-- --:--:-- --:--:--     0  0     0    0     0    0     0      0      0 --:--:-- --:--:-- --:--:--     0100  2956  100    29  100  2927     27   2782  0:00:01  0:00:01 --:--:--  2809
{"remain":2420,"success":116}Done!

===========================================
Sat Sep 25 04:49:33 UTC 2021
===========================================
SITE_URL: https://pzwd.net
SITEMAP_URL: https://pzwd.net/sitemap.xml
Get sitemap https://pzwd.net/sitemap.xml

Submit ./urls-aa
  % Total    % Received % Xferd  Average Speed   Time    Time     Time  Current
                                 Dload  Upload   Total   Spent    Left  Speed
  0     0    0     0    0     0      0      0 --:--:-- --:--:-- --:--:--     0  0     0    0     0    0     0      0      0 --:--:-- --:--:-- --:--:--     0100  2956  100    29  100  2927     26   2625  0:00:01  0:00:01 --:--:--  2651
{"remain":2304,"success":116}Done!
